<?xml version="1.0" encoding="UTF-8"?>
<testng-results ignored="0" total="1" passed="1" failed="0" skipped="0">
  <reporter-output>
  </reporter-output>
  <suite started-at="2022-03-09T17:19:24Z" name="Default suite" finished-at="2022-03-09T17:19:59Z" duration-ms="34467">
    <groups>
    </groups>
    <test started-at="2022-03-09T17:19:24Z" name="Default test" finished-at="2022-03-09T17:19:59Z" duration-ms="34467">
      <class name="com.qa.keyword1.tests.LoginTest">
        <test-method signature="loginTest()[pri:0, instance:com.qa.keyword1.tests.LoginTest@53045c6c]" started-at="2022-03-09T17:19:24Z" name="loginTest" finished-at="2022-03-09T17:19:59Z" duration-ms="34414" status="PASS">
          <reporter-output>
          </reporter-output>
        </test-method> <!-- loginTest -->
      </class> <!-- com.qa.keyword1.tests.LoginTest -->
    </test> <!-- Default test -->
  </suite> <!-- Default suite -->
</testng-results>
